<?xml version="1.0" encoding="UTF-8"?>
<testng-results skipped="3" failed="2" ignored="10" total="28" passed="13">
  <reporter-output>
    <line>
      <![CDATA[Title is correct]]>
    </line>
    <line>
      <![CDATA[User is in Admin]]>
    </line>
    <line>
      <![CDATA[User is in Dashboard]]>
    </line>
    <line>
      <![CDATA[There are no items displayed]]>
    </line>
    <line>
      <![CDATA[There are no items displayed]]>
    </line>
    <line>
      <![CDATA[There are no items displayed]]>
    </line>
    <line>
      <![CDATA[There are no items displayed]]>
    </line>
  </reporter-output>
  <suite name="Suite" duration-ms="67552" started-at="2021-03-11T12:50:05Z" finished-at="2021-03-11T12:51:13Z">
    <groups>
    </groups>
    <test name="Test" duration-ms="67552" started-at="2021-03-11T12:50:05Z" finished-at="2021-03-11T12:51:13Z">
      <class name="com.qa.testscripts.readDashboardHeading">
        <test-method status="PASS" signature="loadPages()[pri:0, instance:com.qa.testscripts.readDashboardHeading@6536e911]" name="loadPages" is-config="true" duration-ms="1" started-at="2021-03-11T12:50:32Z" finished-at="2021-03-11T12:50:32Z">
          <reporter-output>
          </reporter-output>
        </test-method> <!-- loadPages -->
        <test-method status="PASS" signature="readDashboardAndtakeCaptureDashboardMenu()[pri:11, instance:com.qa.testscripts.readDashboardHeading@6536e911]" name="readDashboardAndtakeCaptureDashboardMenu" duration-ms="4179" started-at="2021-03-11T12:50:32Z" finished-at="2021-03-11T12:50:36Z">
          <reporter-output>
            <line>
              <![CDATA[User is in Dashboard]]>
            </line>
          </reporter-output>
        </test-method> <!-- readDashboardAndtakeCaptureDashboardMenu -->
        <test-method status="PASS" signature="loadPages()[pri:0, instance:com.qa.testscripts.readDashboardHeading@6536e911]" name="loadPages" is-config="true" duration-ms="1" started-at="2021-03-11T12:50:36Z" finished-at="2021-03-11T12:50:36Z">
          <reporter-output>
          </reporter-output>
        </test-method> <!-- loadPages -->
        <test-method status="SKIP" signature="retryAnalyzerDashboardMenu()[pri:12, instance:com.qa.testscripts.readDashboardHeading@6536e911]" name="retryAnalyzerDashboardMenu" duration-ms="1102" started-at="2021-03-11T12:50:36Z" finished-at="2021-03-11T12:50:37Z">
          <exception class="java.lang.AssertionError">
            <message>
              <![CDATA[expected [true] but found [false]]]>
            </message>
            <full-stacktrace>
              <![CDATA[java.lang.AssertionError: expected [true] but found [false]
at org.testng.Assert.fail(Assert.java:96)
at org.testng.Assert.failNotEquals(Assert.java:776)
at org.testng.Assert.assertTrue(Assert.java:44)
at org.testng.Assert.assertTrue(Assert.java:54)
at com.qa.testscripts.readDashboardHeading.retryAnalyzerDashboardMenu(readDashboardHeading.java:52)
at sun.reflect.NativeMethodAccessorImpl.invoke0(Native Method)
at sun.reflect.NativeMethodAccessorImpl.invoke(NativeMethodAccessorImpl.java:62)
at sun.reflect.DelegatingMethodAccessorImpl.invoke(DelegatingMethodAccessorImpl.java:43)
at java.lang.reflect.Method.invoke(Method.java:498)
at org.testng.internal.MethodInvocationHelper.invokeMethod(MethodInvocationHelper.java:124)
at org.testng.internal.Invoker.invokeMethod(Invoker.java:583)
at org.testng.internal.Invoker.invokeTestMethod(Invoker.java:719)
at org.testng.internal.Invoker.invokeTestMethods(Invoker.java:989)
at org.testng.internal.TestMethodWorker.invokeTestMethods(TestMethodWorker.java:125)
at org.testng.internal.TestMethodWorker.run(TestMethodWorker.java:109)
at org.testng.TestRunner.privateRun(TestRunner.java:648)
at org.testng.TestRunner.run(TestRunner.java:505)
at org.testng.SuiteRunner.runTest(SuiteRunner.java:455)
at org.testng.SuiteRunner.runSequentially(SuiteRunner.java:450)
at org.testng.SuiteRunner.privateRun(SuiteRunner.java:415)
at org.testng.SuiteRunner.run(SuiteRunner.java:364)
at org.testng.SuiteRunnerWorker.runSuite(SuiteRunnerWorker.java:52)
at org.testng.SuiteRunnerWorker.run(SuiteRunnerWorker.java:84)
at org.testng.TestNG.runSuitesSequentially(TestNG.java:1208)
at org.testng.TestNG.runSuitesLocally(TestNG.java:1137)
at org.testng.TestNG.runSuites(TestNG.java:1049)
at org.testng.TestNG.run(TestNG.java:1017)
at org.testng.remote.AbstractRemoteTestNG.run(AbstractRemoteTestNG.java:114)
at org.testng.remote.RemoteTestNG.initAndRun(RemoteTestNG.java:251)
at org.testng.remote.RemoteTestNG.main(RemoteTestNG.java:77)
]]>
            </full-stacktrace>
          </exception> <!-- java.lang.AssertionError -->
          <reporter-output>
            <line>
              <![CDATA[There are no items displayed]]>
            </line>
          </reporter-output>
        </test-method> <!-- retryAnalyzerDashboardMenu -->
        <test-method status="PASS" signature="loadPages()[pri:0, instance:com.qa.testscripts.readDashboardHeading@6536e911]" name="loadPages" is-config="true" duration-ms="1" started-at="2021-03-11T12:50:37Z" finished-at="2021-03-11T12:50:37Z">
          <reporter-output>
          </reporter-output>
        </test-method> <!-- loadPages -->
        <test-method status="SKIP" signature="retryAnalyzerDashboardMenu()[pri:12, instance:com.qa.testscripts.readDashboardHeading@6536e911]" name="retryAnalyzerDashboardMenu" duration-ms="1870" started-at="2021-03-11T12:50:37Z" finished-at="2021-03-11T12:50:39Z">
          <exception class="java.lang.AssertionError">
            <message>
              <![CDATA[expected [true] but found [false]]]>
            </message>
            <full-stacktrace>
              <![CDATA[java.lang.AssertionError: expected [true] but found [false]
at org.testng.Assert.fail(Assert.java:96)
at org.testng.Assert.failNotEquals(Assert.java:776)
at org.testng.Assert.assertTrue(Assert.java:44)
at org.testng.Assert.assertTrue(Assert.java:54)
at com.qa.testscripts.readDashboardHeading.retryAnalyzerDashboardMenu(readDashboardHeading.java:52)
at sun.reflect.NativeMethodAccessorImpl.invoke0(Native Method)
at sun.reflect.NativeMethodAccessorImpl.invoke(NativeMethodAccessorImpl.java:62)
at sun.reflect.DelegatingMethodAccessorImpl.invoke(DelegatingMethodAccessorImpl.java:43)
at java.lang.reflect.Method.invoke(Method.java:498)
at org.testng.internal.MethodInvocationHelper.invokeMethod(MethodInvocationHelper.java:124)
at org.testng.internal.Invoker.invokeMethod(Invoker.java:583)
at org.testng.internal.Invoker.retryFailed(Invoker.java:839)
at org.testng.internal.Invoker.invokeTestMethods(Invoker.java:1010)
at org.testng.internal.TestMethodWorker.invokeTestMethods(TestMethodWorker.java:125)
at org.testng.internal.TestMethodWorker.run(TestMethodWorker.java:109)
at org.testng.TestRunner.privateRun(TestRunner.java:648)
at org.testng.TestRunner.run(TestRunner.java:505)
at org.testng.SuiteRunner.runTest(SuiteRunner.java:455)
at org.testng.SuiteRunner.runSequentially(SuiteRunner.java:450)
at org.testng.SuiteRunner.privateRun(SuiteRunner.java:415)
at org.testng.SuiteRunner.run(SuiteRunner.java:364)
at org.testng.SuiteRunnerWorker.runSuite(SuiteRunnerWorker.java:52)
at org.testng.SuiteRunnerWorker.run(SuiteRunnerWorker.java:84)
at org.testng.TestNG.runSuitesSequentially(TestNG.java:1208)
at org.testng.TestNG.runSuitesLocally(TestNG.java:1137)
at org.testng.TestNG.runSuites(TestNG.java:1049)
at org.testng.TestNG.run(TestNG.java:1017)
at org.testng.remote.AbstractRemoteTestNG.run(AbstractRemoteTestNG.java:114)
at org.testng.remote.RemoteTestNG.initAndRun(RemoteTestNG.java:251)
at org.testng.remote.RemoteTestNG.main(RemoteTestNG.java:77)
]]>
            </full-stacktrace>
          </exception> <!-- java.lang.AssertionError -->
          <reporter-output>
            <line>
              <![CDATA[There are no items displayed]]>
            </line>
          </reporter-output>
        </test-method> <!-- retryAnalyzerDashboardMenu -->
        <test-method status="PASS" signature="loadPages()[pri:0, instance:com.qa.testscripts.readDashboardHeading@6536e911]" name="loadPages" is-config="true" duration-ms="1" started-at="2021-03-11T12:50:39Z" finished-at="2021-03-11T12:50:39Z">
          <reporter-output>
          </reporter-output>
        </test-method> <!-- loadPages -->
        <test-method status="SKIP" signature="retryAnalyzerDashboardMenu()[pri:12, instance:com.qa.testscripts.readDashboardHeading@6536e911]" name="retryAnalyzerDashboardMenu" duration-ms="1052" started-at="2021-03-11T12:50:39Z" finished-at="2021-03-11T12:50:40Z">
          <exception class="java.lang.AssertionError">
            <message>
              <![CDATA[expected [true] but found [false]]]>
            </message>
            <full-stacktrace>
              <![CDATA[java.lang.AssertionError: expected [true] but found [false]
at org.testng.Assert.fail(Assert.java:96)
at org.testng.Assert.failNotEquals(Assert.java:776)
at org.testng.Assert.assertTrue(Assert.java:44)
at org.testng.Assert.assertTrue(Assert.java:54)
at com.qa.testscripts.readDashboardHeading.retryAnalyzerDashboardMenu(readDashboardHeading.java:52)
at sun.reflect.NativeMethodAccessorImpl.invoke0(Native Method)
at sun.reflect.NativeMethodAccessorImpl.invoke(NativeMethodAccessorImpl.java:62)
at sun.reflect.DelegatingMethodAccessorImpl.invoke(DelegatingMethodAccessorImpl.java:43)
at java.lang.reflect.Method.invoke(Method.java:498)
at org.testng.internal.MethodInvocationHelper.invokeMethod(MethodInvocationHelper.java:124)
at org.testng.internal.Invoker.invokeMethod(Invoker.java:583)
at org.testng.internal.Invoker.retryFailed(Invoker.java:839)
at org.testng.internal.Invoker.invokeTestMethods(Invoker.java:1010)
at org.testng.internal.TestMethodWorker.invokeTestMethods(TestMethodWorker.java:125)
at org.testng.internal.TestMethodWorker.run(TestMethodWorker.java:109)
at org.testng.TestRunner.privateRun(TestRunner.java:648)
at org.testng.TestRunner.run(TestRunner.java:505)
at org.testng.SuiteRunner.runTest(SuiteRunner.java:455)
at org.testng.SuiteRunner.runSequentially(SuiteRunner.java:450)
at org.testng.SuiteRunner.privateRun(SuiteRunner.java:415)
at org.testng.SuiteRunner.run(SuiteRunner.java:364)
at org.testng.SuiteRunnerWorker.runSuite(SuiteRunnerWorker.java:52)
at org.testng.SuiteRunnerWorker.run(SuiteRunnerWorker.java:84)
at org.testng.TestNG.runSuitesSequentially(TestNG.java:1208)
at org.testng.TestNG.runSuitesLocally(TestNG.java:1137)
at org.testng.TestNG.runSuites(TestNG.java:1049)
at org.testng.TestNG.run(TestNG.java:1017)
at org.testng.remote.AbstractRemoteTestNG.run(AbstractRemoteTestNG.java:114)
at org.testng.remote.RemoteTestNG.initAndRun(RemoteTestNG.java:251)
at org.testng.remote.RemoteTestNG.main(RemoteTestNG.java:77)
]]>
            </full-stacktrace>
          </exception> <!-- java.lang.AssertionError -->
          <reporter-output>
            <line>
              <![CDATA[There are no items displayed]]>
            </line>
          </reporter-output>
        </test-method> <!-- retryAnalyzerDashboardMenu -->
        <test-method status="PASS" signature="loadPages()[pri:0, instance:com.qa.testscripts.readDashboardHeading@6536e911]" name="loadPages" is-config="true" duration-ms="1" started-at="2021-03-11T12:50:40Z" finished-at="2021-03-11T12:50:40Z">
          <reporter-output>
          </reporter-output>
        </test-method> <!-- loadPages -->
        <test-method status="FAIL" signature="retryAnalyzerDashboardMenu()[pri:12, instance:com.qa.testscripts.readDashboardHeading@6536e911]" name="retryAnalyzerDashboardMenu" duration-ms="1050" started-at="2021-03-11T12:50:40Z" finished-at="2021-03-11T12:50:41Z">
          <exception class="java.lang.AssertionError">
            <message>
              <![CDATA[expected [true] but found [false]]]>
            </message>
            <full-stacktrace>
              <![CDATA[java.lang.AssertionError: expected [true] but found [false]
at org.testng.Assert.fail(Assert.java:96)
at org.testng.Assert.failNotEquals(Assert.java:776)
at org.testng.Assert.assertTrue(Assert.java:44)
at org.testng.Assert.assertTrue(Assert.java:54)
at com.qa.testscripts.readDashboardHeading.retryAnalyzerDashboardMenu(readDashboardHeading.java:52)
at sun.reflect.NativeMethodAccessorImpl.invoke0(Native Method)
at sun.reflect.NativeMethodAccessorImpl.invoke(NativeMethodAccessorImpl.java:62)
at sun.reflect.DelegatingMethodAccessorImpl.invoke(DelegatingMethodAccessorImpl.java:43)
at java.lang.reflect.Method.invoke(Method.java:498)
at org.testng.internal.MethodInvocationHelper.invokeMethod(MethodInvocationHelper.java:124)
at org.testng.internal.Invoker.invokeMethod(Invoker.java:583)
at org.testng.internal.Invoker.retryFailed(Invoker.java:839)
at org.testng.internal.Invoker.invokeTestMethods(Invoker.java:1010)
at org.testng.internal.TestMethodWorker.invokeTestMethods(TestMethodWorker.java:125)
at org.testng.internal.TestMethodWorker.run(TestMethodWorker.java:109)
at org.testng.TestRunner.privateRun(TestRunner.java:648)
at org.testng.TestRunner.run(TestRunner.java:505)
at org.testng.SuiteRunner.runTest(SuiteRunner.java:455)
at org.testng.SuiteRunner.runSequentially(SuiteRunner.java:450)
at org.testng.SuiteRunner.privateRun(SuiteRunner.java:415)
at org.testng.SuiteRunner.run(SuiteRunner.java:364)
at org.testng.SuiteRunnerWorker.runSuite(SuiteRunnerWorker.java:52)
at org.testng.SuiteRunnerWorker.run(SuiteRunnerWorker.java:84)
at org.testng.TestNG.runSuitesSequentially(TestNG.java:1208)
at org.testng.TestNG.runSuitesLocally(TestNG.java:1137)
at org.testng.TestNG.runSuites(TestNG.java:1049)
at org.testng.TestNG.run(TestNG.java:1017)
at org.testng.remote.AbstractRemoteTestNG.run(AbstractRemoteTestNG.java:114)
at org.testng.remote.RemoteTestNG.initAndRun(RemoteTestNG.java:251)
at org.testng.remote.RemoteTestNG.main(RemoteTestNG.java:77)
]]>
            </full-stacktrace>
          </exception> <!-- java.lang.AssertionError -->
          <reporter-output>
            <line>
              <![CDATA[There are no items displayed]]>
            </line>
          </reporter-output>
        </test-method> <!-- retryAnalyzerDashboardMenu -->
      </class> <!-- com.qa.testscripts.readDashboardHeading -->
      <class name="com.qa.testscripts.getPageTitleForDifferentMenus">
        <test-method status="PASS" signature="loadPages()[pri:0, instance:com.qa.testscripts.getPageTitleForDifferentMenus@6b09bb57]" name="loadPages" is-config="true" duration-ms="4" started-at="2021-03-11T12:50:18Z" finished-at="2021-03-11T12:50:18Z">
          <reporter-output>
          </reporter-output>
        </test-method> <!-- loadPages -->
        <test-method status="PASS" signature="AdminMenu()[pri:5, instance:com.qa.testscripts.getPageTitleForDifferentMenus@6b09bb57]" name="AdminMenu" duration-ms="1961" started-at="2021-03-11T12:50:18Z" finished-at="2021-03-11T12:50:20Z">
          <reporter-output>
          </reporter-output>
        </test-method> <!-- AdminMenu -->
        <test-method status="PASS" signature="loadPages()[pri:0, instance:com.qa.testscripts.getPageTitleForDifferentMenus@6b09bb57]" name="loadPages" is-config="true" duration-ms="2" started-at="2021-03-11T12:50:20Z" finished-at="2021-03-11T12:50:20Z">
          <reporter-output>
          </reporter-output>
        </test-method> <!-- loadPages -->
        <test-method status="PASS" signature="PIMMenu()[pri:6, instance:com.qa.testscripts.getPageTitleForDifferentMenus@6b09bb57]" name="PIMMenu" duration-ms="1724" started-at="2021-03-11T12:50:20Z" finished-at="2021-03-11T12:50:22Z">
          <reporter-output>
          </reporter-output>
        </test-method> <!-- PIMMenu -->
        <test-method status="PASS" signature="loadPages()[pri:0, instance:com.qa.testscripts.getPageTitleForDifferentMenus@6b09bb57]" name="loadPages" is-config="true" duration-ms="1" started-at="2021-03-11T12:50:22Z" finished-at="2021-03-11T12:50:22Z">
          <reporter-output>
          </reporter-output>
        </test-method> <!-- loadPages -->
        <test-method status="PASS" signature="LeaveMenu()[pri:7, instance:com.qa.testscripts.getPageTitleForDifferentMenus@6b09bb57]" name="LeaveMenu" duration-ms="3273" started-at="2021-03-11T12:50:22Z" finished-at="2021-03-11T12:50:25Z">
          <reporter-output>
          </reporter-output>
        </test-method> <!-- LeaveMenu -->
        <test-method status="PASS" signature="loadPages()[pri:0, instance:com.qa.testscripts.getPageTitleForDifferentMenus@6b09bb57]" name="loadPages" is-config="true" duration-ms="2" started-at="2021-03-11T12:50:25Z" finished-at="2021-03-11T12:50:25Z">
          <reporter-output>
          </reporter-output>
        </test-method> <!-- loadPages -->
        <test-method status="PASS" signature="DashboardMenu()[pri:8, instance:com.qa.testscripts.getPageTitleForDifferentMenus@6b09bb57]" name="DashboardMenu" duration-ms="1246" started-at="2021-03-11T12:50:25Z" finished-at="2021-03-11T12:50:26Z">
          <reporter-output>
          </reporter-output>
        </test-method> <!-- DashboardMenu -->
        <test-method status="PASS" signature="loadPages()[pri:0, instance:com.qa.testscripts.getPageTitleForDifferentMenus@6b09bb57]" name="loadPages" is-config="true" duration-ms="2" started-at="2021-03-11T12:50:26Z" finished-at="2021-03-11T12:50:27Z">
          <reporter-output>
          </reporter-output>
        </test-method> <!-- loadPages -->
        <test-method status="PASS" signature="DirectoryMenu()[pri:9, instance:com.qa.testscripts.getPageTitleForDifferentMenus@6b09bb57]" name="DirectoryMenu" duration-ms="4401" started-at="2021-03-11T12:50:27Z" finished-at="2021-03-11T12:50:31Z">
          <reporter-output>
          </reporter-output>
        </test-method> <!-- DirectoryMenu -->
        <test-method status="PASS" signature="loadPages()[pri:0, instance:com.qa.testscripts.getPageTitleForDifferentMenus@6b09bb57]" name="loadPages" is-config="true" duration-ms="2" started-at="2021-03-11T12:50:31Z" finished-at="2021-03-11T12:50:31Z">
          <reporter-output>
          </reporter-output>
        </test-method> <!-- loadPages -->
        <test-method status="PASS" signature="MaintenanceMenu()[pri:10, instance:com.qa.testscripts.getPageTitleForDifferentMenus@6b09bb57]" name="MaintenanceMenu" duration-ms="1054" started-at="2021-03-11T12:50:31Z" finished-at="2021-03-11T12:50:32Z">
          <reporter-output>
          </reporter-output>
        </test-method> <!-- MaintenanceMenu -->
      </class> <!-- com.qa.testscripts.getPageTitleForDifferentMenus -->
      <class name="com.qa.testscripts.getElementByCSSSelector">
        <test-method status="PASS" signature="loadPages()[pri:0, instance:com.qa.testscripts.getElementByCSSSelector@18eed359]" name="loadPages" is-config="true" duration-ms="1" started-at="2021-03-11T12:50:46Z" finished-at="2021-03-11T12:50:46Z">
          <reporter-output>
          </reporter-output>
        </test-method> <!-- loadPages -->
        <test-method status="PASS" signature="getElementsByCSSSelector()[pri:14, instance:com.qa.testscripts.getElementByCSSSelector@18eed359]" name="getElementsByCSSSelector" duration-ms="14786" started-at="2021-03-11T12:50:46Z" finished-at="2021-03-11T12:51:01Z">
          <reporter-output>
          </reporter-output>
        </test-method> <!-- getElementsByCSSSelector -->
      </class> <!-- com.qa.testscripts.getElementByCSSSelector -->
      <class name="com.qa.testscripts.getElementByXpath">
        <test-method status="PASS" signature="loadPages()[pri:0, instance:com.qa.testscripts.getElementByXpath@3e9b1010]" name="loadPages" is-config="true" duration-ms="2" started-at="2021-03-11T12:51:01Z" finished-at="2021-03-11T12:51:01Z">
          <reporter-output>
          </reporter-output>
        </test-method> <!-- loadPages -->
        <test-method status="PASS" signature="getElementsByXpath()[pri:15, instance:com.qa.testscripts.getElementByXpath@3e9b1010]" name="getElementsByXpath" duration-ms="11831" started-at="2021-03-11T12:51:01Z" finished-at="2021-03-11T12:51:13Z">
          <reporter-output>
          </reporter-output>
        </test-method> <!-- getElementsByXpath -->
      </class> <!-- com.qa.testscripts.getElementByXpath -->
      <class name="com.qa.testscripts.getPIMEmployee">
        <test-method status="PASS" signature="loadPages()[pri:0, instance:com.qa.testscripts.getPIMEmployee@520a3426]" name="loadPages" is-config="true" duration-ms="1" started-at="2021-03-11T12:50:41Z" finished-at="2021-03-11T12:50:41Z">
          <reporter-output>
          </reporter-output>
        </test-method> <!-- loadPages -->
        <test-method status="PASS" signature="getPIMEmployeeMenu()[pri:13, instance:com.qa.testscripts.getPIMEmployee@520a3426]" name="getPIMEmployeeMenu" duration-ms="5139" started-at="2021-03-11T12:50:41Z" finished-at="2021-03-11T12:50:46Z">
          <reporter-output>
          </reporter-output>
        </test-method> <!-- getPIMEmployeeMenu -->
      </class> <!-- com.qa.testscripts.getPIMEmployee -->
      <class name="com.qa.testscripts.OrangeHRMALLTextBoxAllHyperLinkAllImages">
        <test-method status="PASS" signature="setUp(java.lang.String, java.lang.String)[pri:0, instance:com.qa.testscripts.OrangeHRMALLTextBoxAllHyperLinkAllImages@63753b6d]" name="setUp" is-config="true" duration-ms="13182" started-at="2021-03-11T12:49:52Z" finished-at="2021-03-11T12:50:05Z">
          <params>
            <param index="0">
              <value>
                <![CDATA[firefox]]>
              </value>
            </param>
            <param index="1">
              <value>
                <![CDATA[https://opensource-demo.orangehrmlive.com/]]>
              </value>
            </param>
          </params>
          <reporter-output>
          </reporter-output>
        </test-method> <!-- setUp -->
        <test-method status="PASS" signature="loadPages()[pri:0, instance:com.qa.testscripts.OrangeHRMALLTextBoxAllHyperLinkAllImages@63753b6d]" name="loadPages" is-config="true" duration-ms="1" started-at="2021-03-11T12:50:06Z" finished-at="2021-03-11T12:50:06Z">
          <reporter-output>
          </reporter-output>
        </test-method> <!-- loadPages -->
        <test-method status="PASS" signature="checkTitle()[pri:1, instance:com.qa.testscripts.OrangeHRMALLTextBoxAllHyperLinkAllImages@63753b6d]" name="checkTitle" duration-ms="17" started-at="2021-03-11T12:50:06Z" finished-at="2021-03-11T12:50:06Z">
          <reporter-output>
            <line>
              <![CDATA[Title is correct]]>
            </line>
          </reporter-output>
        </test-method> <!-- checkTitle -->
        <test-method status="PASS" signature="loadPages()[pri:0, instance:com.qa.testscripts.OrangeHRMALLTextBoxAllHyperLinkAllImages@63753b6d]" name="loadPages" is-config="true" duration-ms="1" started-at="2021-03-11T12:50:06Z" finished-at="2021-03-11T12:50:06Z">
          <reporter-output>
          </reporter-output>
        </test-method> <!-- loadPages -->
        <test-method status="PASS" signature="getALLTextBoxAllHyperLinkAllImages()[pri:2, instance:com.qa.testscripts.OrangeHRMALLTextBoxAllHyperLinkAllImages@63753b6d]" name="getALLTextBoxAllHyperLinkAllImages" duration-ms="40" started-at="2021-03-11T12:50:06Z" finished-at="2021-03-11T12:50:06Z">
          <reporter-output>
          </reporter-output>
        </test-method> <!-- getALLTextBoxAllHyperLinkAllImages -->
        <test-method status="PASS" signature="loadPages()[pri:0, instance:com.qa.testscripts.OrangeHRMALLTextBoxAllHyperLinkAllImages@63753b6d]" name="loadPages" is-config="true" duration-ms="2" started-at="2021-03-11T12:50:06Z" finished-at="2021-03-11T12:50:06Z">
          <reporter-output>
          </reporter-output>
        </test-method> <!-- loadPages -->
        <test-method status="PASS" signature="Login()[pri:3, instance:com.qa.testscripts.OrangeHRMALLTextBoxAllHyperLinkAllImages@63753b6d]" name="Login" duration-ms="9629" started-at="2021-03-11T12:50:06Z" finished-at="2021-03-11T12:50:15Z">
          <reporter-output>
          </reporter-output>
        </test-method> <!-- Login -->
        <test-method status="PASS" signature="loadPages()[pri:0, instance:com.qa.testscripts.OrangeHRMALLTextBoxAllHyperLinkAllImages@63753b6d]" name="loadPages" is-config="true" duration-ms="2" started-at="2021-03-11T12:50:15Z" finished-at="2021-03-11T12:50:15Z">
          <reporter-output>
          </reporter-output>
        </test-method> <!-- loadPages -->
        <test-method status="FAIL" signature="ValidatingSubMenuOnAdminMenu()[pri:4, instance:com.qa.testscripts.OrangeHRMALLTextBoxAllHyperLinkAllImages@63753b6d]" name="ValidatingSubMenuOnAdminMenu" duration-ms="2844" started-at="2021-03-11T12:50:15Z" finished-at="2021-03-11T12:50:18Z">
          <exception class="org.openqa.selenium.ElementNotInteractableException">
            <message>
              <![CDATA[Element <a id="menu_admin_UserManagement" class="arrow" href="#"> could not be scrolled into view
Build info: version: '3.141.59', revision: 'e82be7d358', time: '2018-11-14T08:17:03'
System info: host: 'HBADT4950189', ip: '10.104.70.53', os.name: 'Windows 10', os.arch: 'amd64', os.version: '10.0', java.version: '1.8.0_221'
Driver info: org.openqa.selenium.firefox.FirefoxDriver
Capabilities {acceptInsecureCerts: true, browserName: firefox, browserVersion: 78.8.0, javascriptEnabled: true, moz:accessibilityChecks: false, moz:buildID: 20210217034806, moz:geckodriverVersion: 0.28.0, moz:headless: false, moz:processID: 29524, moz:profile: C:\Users\mandulas\AppData\L..., moz:shutdownTimeout: 60000, moz:useNonSpecCompliantPointerOrigin: false, moz:webdriverClick: true, pageLoadStrategy: normal, platform: WINDOWS, platformName: WINDOWS, platformVersion: 10.0, rotatable: false, setWindowRect: true, strictFileInteractability: false, timeouts: {implicit: 0, pageLoad: 300000, script: 30000}, unhandledPromptBehavior: dismiss and notify}
Session ID: 0c9c3d7a-bd75-4e2d-be43-e9170317e5e0]]>
            </message>
            <full-stacktrace>
              <![CDATA[org.openqa.selenium.ElementNotInteractableException: Element <a id="menu_admin_UserManagement" class="arrow" href="#"> could not be scrolled into view
Build info: version: '3.141.59', revision: 'e82be7d358', time: '2018-11-14T08:17:03'
System info: host: 'HBADT4950189', ip: '10.104.70.53', os.name: 'Windows 10', os.arch: 'amd64', os.version: '10.0', java.version: '1.8.0_221'
Driver info: org.openqa.selenium.firefox.FirefoxDriver
Capabilities {acceptInsecureCerts: true, browserName: firefox, browserVersion: 78.8.0, javascriptEnabled: true, moz:accessibilityChecks: false, moz:buildID: 20210217034806, moz:geckodriverVersion: 0.28.0, moz:headless: false, moz:processID: 29524, moz:profile: C:\Users\mandulas\AppData\L..., moz:shutdownTimeout: 60000, moz:useNonSpecCompliantPointerOrigin: false, moz:webdriverClick: true, pageLoadStrategy: normal, platform: WINDOWS, platformName: WINDOWS, platformVersion: 10.0, rotatable: false, setWindowRect: true, strictFileInteractability: false, timeouts: {implicit: 0, pageLoad: 300000, script: 30000}, unhandledPromptBehavior: dismiss and notify}
Session ID: 0c9c3d7a-bd75-4e2d-be43-e9170317e5e0
at sun.reflect.NativeConstructorAccessorImpl.newInstance0(Native Method)
at sun.reflect.NativeConstructorAccessorImpl.newInstance(NativeConstructorAccessorImpl.java:62)
at sun.reflect.DelegatingConstructorAccessorImpl.newInstance(DelegatingConstructorAccessorImpl.java:45)
at java.lang.reflect.Constructor.newInstance(Constructor.java:423)
at org.openqa.selenium.remote.http.W3CHttpResponseCodec.createException(W3CHttpResponseCodec.java:187)
at org.openqa.selenium.remote.http.W3CHttpResponseCodec.decode(W3CHttpResponseCodec.java:122)
at org.openqa.selenium.remote.http.W3CHttpResponseCodec.decode(W3CHttpResponseCodec.java:49)
at org.openqa.selenium.remote.HttpCommandExecutor.execute(HttpCommandExecutor.java:158)
at org.openqa.selenium.remote.service.DriverCommandExecutor.execute(DriverCommandExecutor.java:83)
at org.openqa.selenium.remote.RemoteWebDriver.execute(RemoteWebDriver.java:552)
at org.openqa.selenium.remote.RemoteWebElement.execute(RemoteWebElement.java:285)
at org.openqa.selenium.remote.RemoteWebElement.click(RemoteWebElement.java:84)
at sun.reflect.NativeMethodAccessorImpl.invoke0(Native Method)
at sun.reflect.NativeMethodAccessorImpl.invoke(NativeMethodAccessorImpl.java:62)
at sun.reflect.DelegatingMethodAccessorImpl.invoke(DelegatingMethodAccessorImpl.java:43)
at java.lang.reflect.Method.invoke(Method.java:498)
at org.openqa.selenium.support.pagefactory.internal.LocatingElementHandler.invoke(LocatingElementHandler.java:51)
at com.sun.proxy.$Proxy12.click(Unknown Source)
at com.qa.pages.OrangePages.getUserManagementClick(OrangePages.java:183)
at com.qa.testscripts.OrangeHRMALLTextBoxAllHyperLinkAllImages.ValidatingSubMenuOnAdminMenu(OrangeHRMALLTextBoxAllHyperLinkAllImages.java:82)
at sun.reflect.NativeMethodAccessorImpl.invoke0(Native Method)
at sun.reflect.NativeMethodAccessorImpl.invoke(NativeMethodAccessorImpl.java:62)
at sun.reflect.DelegatingMethodAccessorImpl.invoke(DelegatingMethodAccessorImpl.java:43)
at java.lang.reflect.Method.invoke(Method.java:498)
at org.testng.internal.MethodInvocationHelper.invokeMethod(MethodInvocationHelper.java:124)
at org.testng.internal.Invoker.invokeMethod(Invoker.java:583)
at org.testng.internal.Invoker.invokeTestMethod(Invoker.java:719)
at org.testng.internal.Invoker.invokeTestMethods(Invoker.java:989)
at org.testng.internal.TestMethodWorker.invokeTestMethods(TestMethodWorker.java:125)
at org.testng.internal.TestMethodWorker.run(TestMethodWorker.java:109)
at org.testng.TestRunner.privateRun(TestRunner.java:648)
at org.testng.TestRunner.run(TestRunner.java:505)
at org.testng.SuiteRunner.runTest(SuiteRunner.java:455)
at org.testng.SuiteRunner.runSequentially(SuiteRunner.java:450)
at org.testng.SuiteRunner.privateRun(SuiteRunner.java:415)
at org.testng.SuiteRunner.run(SuiteRunner.java:364)
at org.testng.SuiteRunnerWorker.runSuite(SuiteRunnerWorker.java:52)
at org.testng.SuiteRunnerWorker.run(SuiteRunnerWorker.java:84)
at org.testng.TestNG.runSuitesSequentially(TestNG.java:1208)
at org.testng.TestNG.runSuitesLocally(TestNG.java:1137)
at org.testng.TestNG.runSuites(TestNG.java:1049)
at org.testng.TestNG.run(TestNG.java:1017)
at org.testng.remote.AbstractRemoteTestNG.run(AbstractRemoteTestNG.java:114)
at org.testng.remote.RemoteTestNG.initAndRun(RemoteTestNG.java:251)
at org.testng.remote.RemoteTestNG.main(RemoteTestNG.java:77)
]]>
            </full-stacktrace>
          </exception> <!-- org.openqa.selenium.ElementNotInteractableException -->
          <reporter-output>
            <line>
              <![CDATA[User is in Admin]]>
            </line>
          </reporter-output>
        </test-method> <!-- ValidatingSubMenuOnAdminMenu -->
        <test-method status="PASS" signature="tearDown()[pri:0, instance:com.qa.testscripts.OrangeHRMALLTextBoxAllHyperLinkAllImages@63753b6d]" name="tearDown" is-config="true" duration-ms="1523" started-at="2021-03-11T12:51:14Z" finished-at="2021-03-11T12:51:15Z">
          <reporter-output>
          </reporter-output>
        </test-method> <!-- tearDown -->
      </class> <!-- com.qa.testscripts.OrangeHRMALLTextBoxAllHyperLinkAllImages -->
    </test> <!-- Test -->
  </suite> <!-- Suite -->
</testng-results>
