<?xml version="1.0" encoding="UTF-8"?>
<!-- Generated by org.testng.reporters.JUnitXMLReporter -->
<testsuite hostname="HBADT4950189" ignored="10" name="Test" tests="18" failures="2" timestamp="11 Mar 2021 12:51:13 GMT" time="67.552" errors="0">
  <testcase name="checkTitle" time="0.017" classname="com.qa.testscripts.OrangeHRMALLTextBoxAllHyperLinkAllImages"/>
  <testcase name="getALLTextBoxAllHyperLinkAllImages" time="0.04" classname="com.qa.testscripts.OrangeHRMALLTextBoxAllHyperLinkAllImages"/>
  <testcase name="Login" time="9.629" classname="com.qa.testscripts.OrangeHRMALLTextBoxAllHyperLinkAllImages"/>
  <testcase name="ValidatingSubMenuOnAdminMenu" time="2.844" classname="com.qa.testscripts.OrangeHRMALLTextBoxAllHyperLinkAllImages">
    <failure type="org.openqa.selenium.ElementNotInteractableException" message="Element &amp;lt;a id=&amp;quot;menu_admin_UserManagement&amp;quot; class=&amp;quot;arrow&amp;quot; href=&amp;quot;#&amp;quot;&amp;gt; could not be scrolled into view
Build info: version: &amp;apos;3.141.59&amp;apos;, revision: &amp;apos;e82be7d358&amp;apos;, time: &amp;apos;2018-11-14T08:17:03&amp;apos;
System info: host: &amp;apos;HBADT4950189&amp;apos;, ip: &amp;apos;10.104.70.53&amp;apos;, os.name: &amp;apos;Windows 10&amp;apos;, os.arch: &amp;apos;amd64&amp;apos;, os.version: &amp;apos;10.0&amp;apos;, java.version: &amp;apos;1.8.0_221&amp;apos;
Driver info: org.openqa.selenium.firefox.FirefoxDriver
Capabilities {acceptInsecureCerts: true, browserName: firefox, browserVersion: 78.8.0, javascriptEnabled: true, moz:accessibilityChecks: false, moz:buildID: 20210217034806, moz:geckodriverVersion: 0.28.0, moz:headless: false, moz:processID: 29524, moz:profile: C:\Users\mandulas\AppData\L..., moz:shutdownTimeout: 60000, moz:useNonSpecCompliantPointerOrigin: false, moz:webdriverClick: true, pageLoadStrategy: normal, platform: WINDOWS, platformName: WINDOWS, platformVersion: 10.0, rotatable: false, setWindowRect: true, strictFileInteractability: false, timeouts: {implicit: 0, pageLoad: 300000, script: 30000}, unhandledPromptBehavior: dismiss and notify}
Session ID: 0c9c3d7a-bd75-4e2d-be43-e9170317e5e0">
      <![CDATA[org.openqa.selenium.ElementNotInteractableException: Element <a id="menu_admin_UserManagement" class="arrow" href="#"> could not be scrolled into view
Build info: version: '3.141.59', revision: 'e82be7d358', time: '2018-11-14T08:17:03'
System info: host: 'HBADT4950189', ip: '10.104.70.53', os.name: 'Windows 10', os.arch: 'amd64', os.version: '10.0', java.version: '1.8.0_221'
Driver info: org.openqa.selenium.firefox.FirefoxDriver
Capabilities {acceptInsecureCerts: true, browserName: firefox, browserVersion: 78.8.0, javascriptEnabled: true, moz:accessibilityChecks: false, moz:buildID: 20210217034806, moz:geckodriverVersion: 0.28.0, moz:headless: false, moz:processID: 29524, moz:profile: C:\Users\mandulas\AppData\L..., moz:shutdownTimeout: 60000, moz:useNonSpecCompliantPointerOrigin: false, moz:webdriverClick: true, pageLoadStrategy: normal, platform: WINDOWS, platformName: WINDOWS, platformVersion: 10.0, rotatable: false, setWindowRect: true, strictFileInteractability: false, timeouts: {implicit: 0, pageLoad: 300000, script: 30000}, unhandledPromptBehavior: dismiss and notify}
Session ID: 0c9c3d7a-bd75-4e2d-be43-e9170317e5e0
at org.openqa.selenium.remote.http.W3CHttpResponseCodec.createException(W3CHttpResponseCodec.java:187)
at org.openqa.selenium.remote.http.W3CHttpResponseCodec.decode(W3CHttpResponseCodec.java:122)
at org.openqa.selenium.remote.http.W3CHttpResponseCodec.decode(W3CHttpResponseCodec.java:49)
at org.openqa.selenium.remote.HttpCommandExecutor.execute(HttpCommandExecutor.java:158)
at org.openqa.selenium.remote.service.DriverCommandExecutor.execute(DriverCommandExecutor.java:83)
at org.openqa.selenium.remote.RemoteWebDriver.execute(RemoteWebDriver.java:552)
at org.openqa.selenium.remote.RemoteWebElement.execute(RemoteWebElement.java:285)
at org.openqa.selenium.remote.RemoteWebElement.click(RemoteWebElement.java:84)
at org.openqa.selenium.support.pagefactory.internal.LocatingElementHandler.invoke(LocatingElementHandler.java:51)
at com.sun.proxy.$Proxy12.click(Unknown Source)
at com.qa.pages.OrangePages.getUserManagementClick(OrangePages.java:183)
at com.qa.testscripts.OrangeHRMALLTextBoxAllHyperLinkAllImages.ValidatingSubMenuOnAdminMenu(OrangeHRMALLTextBoxAllHyperLinkAllImages.java:82)
... Removed 33 stack frames]]>
    </failure>
  </testcase> <!-- ValidatingSubMenuOnAdminMenu -->
  <testcase name="AdminMenu" time="1.961" classname="com.qa.testscripts.getPageTitleForDifferentMenus"/>
  <testcase name="PIMMenu" time="1.724" classname="com.qa.testscripts.getPageTitleForDifferentMenus"/>
  <testcase name="LeaveMenu" time="3.273" classname="com.qa.testscripts.getPageTitleForDifferentMenus"/>
  <testcase name="DashboardMenu" time="1.246" classname="com.qa.testscripts.getPageTitleForDifferentMenus"/>
  <testcase name="DirectoryMenu" time="4.401" classname="com.qa.testscripts.getPageTitleForDifferentMenus"/>
  <testcase name="MaintenanceMenu" time="1.054" classname="com.qa.testscripts.getPageTitleForDifferentMenus"/>
  <testcase name="readDashboardAndtakeCaptureDashboardMenu" time="4.179" classname="com.qa.testscripts.readDashboardHeading"/>
  <testcase name="retryAnalyzerDashboardMenu" time="1.102" classname="com.qa.testscripts.readDashboardHeading">
    <skipped/>
  </testcase> <!-- retryAnalyzerDashboardMenu -->
  <testcase name="retryAnalyzerDashboardMenu" time="1.87" classname="com.qa.testscripts.readDashboardHeading">
    <skipped/>
  </testcase> <!-- retryAnalyzerDashboardMenu -->
  <testcase name="retryAnalyzerDashboardMenu" time="1.052" classname="com.qa.testscripts.readDashboardHeading">
    <skipped/>
  </testcase> <!-- retryAnalyzerDashboardMenu -->
  <testcase name="retryAnalyzerDashboardMenu" time="1.05" classname="com.qa.testscripts.readDashboardHeading">
    <failure type="java.lang.AssertionError" message="expected [true] but found [false]">
      <![CDATA[java.lang.AssertionError: expected [true] but found [false]
at com.qa.testscripts.readDashboardHeading.retryAnalyzerDashboardMenu(readDashboardHeading.java:52)
... Removed 29 stack frames]]>
    </failure>
  </testcase> <!-- retryAnalyzerDashboardMenu -->
  <testcase name="getPIMEmployeeMenu" time="5.139" classname="com.qa.testscripts.getPIMEmployee"/>
  <testcase name="getElementsByCSSSelector" time="14.786" classname="com.qa.testscripts.getElementByCSSSelector"/>
  <testcase name="getElementsByXpath" time="11.831" classname="com.qa.testscripts.getElementByXpath"/>
  <testcase name="@BeforeSuite setUp" time="0.0" classname="com.qa.testscripts.TestBase">
    <ignored/>
  </testcase> <!-- @BeforeSuite setUp -->
  <testcase name="@BeforeSuite setUp" time="0.0" classname="com.qa.testscripts.TestBase">
    <ignored/>
  </testcase> <!-- @BeforeSuite setUp -->
  <testcase name="@BeforeSuite setUp" time="0.0" classname="com.qa.testscripts.TestBase">
    <ignored/>
  </testcase> <!-- @BeforeSuite setUp -->
  <testcase name="@BeforeSuite setUp" time="0.0" classname="com.qa.testscripts.TestBase">
    <ignored/>
  </testcase> <!-- @BeforeSuite setUp -->
  <testcase name="@BeforeSuite setUp" time="0.0" classname="com.qa.testscripts.TestBase">
    <ignored/>
  </testcase> <!-- @BeforeSuite setUp -->
  <testcase name="@AfterSuite tearDown" time="0.0" classname="com.qa.testscripts.TestBase">
    <ignored/>
  </testcase> <!-- @AfterSuite tearDown -->
  <testcase name="@AfterSuite tearDown" time="0.0" classname="com.qa.testscripts.TestBase">
    <ignored/>
  </testcase> <!-- @AfterSuite tearDown -->
  <testcase name="@AfterSuite tearDown" time="0.0" classname="com.qa.testscripts.TestBase">
    <ignored/>
  </testcase> <!-- @AfterSuite tearDown -->
  <testcase name="@AfterSuite tearDown" time="0.0" classname="com.qa.testscripts.TestBase">
    <ignored/>
  </testcase> <!-- @AfterSuite tearDown -->
  <testcase name="@AfterSuite tearDown" time="0.0" classname="com.qa.testscripts.TestBase">
    <ignored/>
  </testcase> <!-- @AfterSuite tearDown -->
</testsuite> <!-- Test -->
